**** Debug log started: Mon Dec 04 16:14:58 CST 2006 ****
% Storage System: v1 file storage mode.
% Internal Data Cache size:          4194304
% Internal Data Cache max cell size: 8192
% lookup_comparison_list = false
% read_only = false
% transaction_error_on_dirty_select = true
% ignore_case_for_identifiers = false
% Java NIO API is available.
% io_safety_level = 10
% Using stardard IO API for heap buffered file access.
% [Buffer Manager] Using IO API: Java IO
% [Buffer Manager] Page Size: 8192
% [Buffer Manager] Max pages: 256
% Using regex bridge: gnu.regexp
% No 'function_factories' config property found.
% statement_cache = true
% Max worker threads set to: 4
% Starting Database Server
> com.mckoi.database.control.DBController ( lvl: 40 )
  Database init failed
[ TIME: Mon Dec 04 16:14:58 CST 2006 ]
% com.mckoi.database.DatabaseException: The database does not exist.
	at com.mckoi.database.Database.init(Database.java:1798)
	at com.mckoi.database.control.DBController.startDatabase(DBController.java:131)
	at com.mckoi.runtime.McKoiDBMain.doBoot(McKoiDBMain.java:163)
	at com.mckoi.runtime.McKoiDBMain.main(McKoiDBMain.java:296)
**** Debug log started: Mon Dec 04 16:15:05 CST 2006 ****
% Storage System: v1 file storage mode.
% Internal Data Cache size:          4194304
% Internal Data Cache max cell size: 8192
% lookup_comparison_list = false
% read_only = false
% transaction_error_on_dirty_select = true
% ignore_case_for_identifiers = false
% Java NIO API is available.
% io_safety_level = 10
% Using stardard IO API for heap buffered file access.
% [Buffer Manager] Using IO API: Java IO
% [Buffer Manager] Page Size: 8192
% [Buffer Manager] Max pages: 256
% Using regex bridge: gnu.regexp
% No 'function_factories' config property found.
% statement_cache = true
% Max worker threads set to: 4
% Starting Database Server
**** Debug log started: Mon Dec 04 16:15:14 CST 2006 ****
% Storage System: v1 file storage mode.
% Internal Data Cache size:          4194304
% Internal Data Cache max cell size: 8192
% lookup_comparison_list = false
% read_only = false
% transaction_error_on_dirty_select = true
% ignore_case_for_identifiers = false
% Java NIO API is available.
% io_safety_level = 10
% Using stardard IO API for heap buffered file access.
% [Buffer Manager] Using IO API: Java IO
% [Buffer Manager] Page Size: 8192
% [Buffer Manager] Max pages: 256
% Using regex bridge: gnu.regexp
% No 'function_factories' config property found.
% statement_cache = true
% Max worker threads set to: 4
% Starting Database Server
> com.mckoi.database.jdbcserver.JDBCDatabaseInterface ( lvl: 20 )
  Couldn't change to 'BedrockU.conf' schema.
> com.mckoi.database.jdbcserver.JDBCDatabaseInterface ( lvl: 20 )
  Couldn't change to 'BedrockU.conf' schema.
